Using device: cuda
Label distribution: {0: 49, 1: 28, 2: 21, 3: 28, 4: 21, 5: 42, 6: 35, 7: 21, 8: 35}
(7, 40, 5, 2)
Number of categories: 9
Epoch 00015: reducing learning rate of group 0 to 4.0000e-05.
Epoch 00026: reducing learning rate of group 0 to 3.2000e-05.
Epoch 00037: reducing learning rate of group 0 to 2.5600e-05.
Epoch 00048: reducing learning rate of group 0 to 2.0480e-05.
[sub3-Fold0] BEST test_acc=0.175
Confusion matrix:
 [[70  0  0  0  0  0  0  0  0]
 [40  0  0  0  0  0  0  0  0]
 [30  0  0  0  0  0  0  0  0]
 [40  0  0  0  0  0  0  0  0]
 [30  0  0  0  0  0  0  0  0]
 [60  0  0  0  0  0  0  0  0]
 [50  0  0  0  0  0  0  0  0]
 [30  0  0  0  0  0  0  0  0]
 [50  0  0  0  0  0  0  0  0]]
Epoch 00017: reducing learning rate of group 0 to 4.0000e-05.
Epoch 00028: reducing learning rate of group 0 to 3.2000e-05.
Epoch 00039: reducing learning rate of group 0 to 2.5600e-05.
Epoch 00050: reducing learning rate of group 0 to 2.0480e-05.
[sub3-Fold1] BEST test_acc=0.170
Confusion matrix:
 [[56  0  0  0  0  0 14  0  0]
 [33  0  0  0  0  0  7  0  0]
 [26  0  0  0  0  0  4  0  0]
 [30  0  0  0  0  0 10  0  0]
 [24  0  0  0  0  0  6  0  0]
 [48  0  0  0  0  0 12  0  0]
 [38  0  0  0  0  0 12  0  0]
 [22  0  0  0  0  0  8  0  0]
 [45  0  0  0  0  0  5  0  0]]
Epoch 00014: reducing learning rate of group 0 to 4.0000e-05.
Epoch 00025: reducing learning rate of group 0 to 3.2000e-05.
Epoch 00036: reducing learning rate of group 0 to 2.5600e-05.
Epoch 00047: reducing learning rate of group 0 to 2.0480e-05.
[sub3-Fold2] BEST test_acc=0.175
Confusion matrix:
 [[70  0  0  0  0  0  0  0  0]
 [39  0  1  0  0  0  0  0  0]
 [30  0  0  0  0  0  0  0  0]
 [40  0  0  0  0  0  0  0  0]
 [30  0  0  0  0  0  0  0  0]
 [60  0  0  0  0  0  0  0  0]
 [49  0  1  0  0  0  0  0  0]
 [30  0  0  0  0  0  0  0  0]
 [50  0  0  0  0  0  0  0  0]]
Epoch 00018: reducing learning rate of group 0 to 4.0000e-05.
Epoch 00029: reducing learning rate of group 0 to 3.2000e-05.
Epoch 00040: reducing learning rate of group 0 to 2.5600e-05.
[sub3-Fold3] BEST test_acc=0.152
Confusion matrix:
 [[ 7  0  0  0  0 63  0  0  0]
 [ 4  0  0  0  0 36  0  0  0]
 [ 3  0  0  0  0 27  0  0  0]
 [ 4  0  0  0  0 33  3  0  0]
 [ 4  0  0  0  0 25  1  0  0]
 [11  0  0  0  0 47  2  0  0]
 [ 9  0  0  0  0 34  7  0  0]
 [ 7  0  0  0  0 23  0  0  0]
 [12  0  0  0  0 34  4  0  0]]
Epoch 00020: reducing learning rate of group 0 to 4.0000e-05.
Epoch 00031: reducing learning rate of group 0 to 3.2000e-05.
Epoch 00042: reducing learning rate of group 0 to 2.5600e-05.
[sub3-Fold4] BEST test_acc=0.163
Confusion matrix:
 [[61  0  0  0  0  6  3  0  0]
 [40  0  0  0  0  0  0  0  0]
 [24  0  0  0  0  6  0  0  0]
 [36  0  0  0  0  2  2  0  0]
 [27  0  0  0  0  2  1  0  0]
 [56  0  0  0  0  4  0  0  0]
 [48  0  0  0  0  2  0  0  0]
 [28  0  0  0  0  1  1  0  0]
 [46  0  0  0  0  3  1  0  0]]
Epoch 00012: reducing learning rate of group 0 to 4.0000e-05.
Epoch 00023: reducing learning rate of group 0 to 3.2000e-05.
Epoch 00034: reducing learning rate of group 0 to 2.5600e-05.
Epoch 00045: reducing learning rate of group 0 to 2.0480e-05.
[sub3-Fold5] BEST test_acc=0.175
Confusion matrix:
 [[70  0  0  0  0  0  0  0  0]
 [40  0  0  0  0  0  0  0  0]
 [30  0  0  0  0  0  0  0  0]
 [40  0  0  0  0  0  0  0  0]
 [30  0  0  0  0  0  0  0  0]
 [60  0  0  0  0  0  0  0  0]
 [50  0  0  0  0  0  0  0  0]
 [30  0  0  0  0  0  0  0  0]
 [50  0  0  0  0  0  0  0  0]]
Epoch 00012: reducing learning rate of group 0 to 4.0000e-05.
Epoch 00023: reducing learning rate of group 0 to 3.2000e-05.
Epoch 00034: reducing learning rate of group 0 to 2.5600e-05.
Epoch 00045: reducing learning rate of group 0 to 2.0480e-05.
[sub3-Fold6] BEST test_acc=0.175
Confusion matrix:
 [[70  0  0  0  0  0  0  0  0]
 [40  0  0  0  0  0  0  0  0]
 [30  0  0  0  0  0  0  0  0]
 [40  0  0  0  0  0  0  0  0]
 [30  0  0  0  0  0  0  0  0]
 [60  0  0  0  0  0  0  0  0]
 [50  0  0  0  0  0  0  0  0]
 [30  0  0  0  0  0  0  0  0]
 [50  0  0  0  0  0  0  0  0]]
Subject sub3: mean±std test acc = 0.169 ± 0.008
